C:\Program Files (x86)\Microsoft Visual Studio\2019\Community\MSBuild\Microsoft\VC\v160\Microsoft.CppBuild.targets(491,5): warning MSB8028: промежуточный каталог (Debug\) содержит файлы, которые используются совместно с другим проектом (Project2.vcxproj).  Это может привести к ошибкам очистки и перестроения.
  EditForm.cpp
  GraphicsCard.cpp
C:\Users\Вадим\Documents\GitHub\configurator\Project2\GraphicsCard.cpp(6,20): warning C4018: <: несоответствие типов со знаком и без знака
  Motherboard.cpp
C:\Users\Вадим\Documents\GitHub\configurator\Project2\Motherboard.cpp(6,20): warning C4018: <: несоответствие типов со знаком и без знака
  MyForm.cpp
C:\Users\Вадим\Documents\GitHub\configurator\Project2\Functions.h(214,12): warning C4244: аргумент: преобразование "time_t" в "unsigned int", возможна потеря данных
C:\Users\Вадим\Documents\GitHub\configurator\Project2\Functions.h(294,9): warning C4244: инициализация: преобразование "float" в "int", возможна потеря данных
C:\Users\Вадим\Documents\GitHub\configurator\Project2\Functions.h(295,9): warning C4244: инициализация: преобразование "float" в "int", возможна потеря данных
C:\Users\Вадим\Documents\GitHub\configurator\Project2\Functions.h(296,9): warning C4244: инициализация: преобразование "float" в "int", возможна потеря данных
C:\Users\Вадим\Documents\GitHub\configurator\Project2\Functions.h(297,9): warning C4244: инициализация: преобразование "float" в "int", возможна потеря данных
C:\Users\Вадим\Documents\GitHub\configurator\Project2\Functions.h(298,9): warning C4244: инициализация: преобразование "float" в "int", возможна потеря данных
C:\Users\Вадим\Documents\GitHub\configurator\Project2\Functions.h(444,15): warning C4244: аргумент: преобразование "time_t" в "unsigned int", возможна потеря данных
C:\Users\Вадим\Documents\GitHub\configurator\Project2\MyForm.h(388,21): warning C4018: <: несоответствие типов со знаком и без знака
  PowerBlock.cpp
C:\Users\Вадим\Documents\GitHub\configurator\Project2\PowerBlock.cpp(6,20): warning C4018: <: несоответствие типов со знаком и без знака
  Processor.cpp
C:\Users\Вадим\Documents\GitHub\configurator\Project2\Processor.cpp(6,20): warning C4018: <: несоответствие типов со знаком и без знака
  RAM.cpp
C:\Users\Вадим\Documents\GitHub\configurator\Project2\RAM.cpp(6,20): warning C4018: <: несоответствие типов со знаком и без знака
  SATA.cpp
C:\Users\Вадим\Documents\GitHub\configurator\Project2\SATA.cpp(6,20): warning C4018: <: несоответствие типов со знаком и без знака
  Sborka.cpp
  .NETFramework,Version=v4.7.2.AssemblyAttributes.cpp
  Создание кода...
  EditForm.obj : обнаружен модуль MSIL; для MSIL последовательная компоновка отключена; выполняется полная компоновка
  Project2.vcxproj -> C:\Users\Вадим\Documents\GitHub\configurator\Debug\Configurator.exe
